#
# There is insufficient memory for the Java Runtime Environment to continue.
# Native memory allocation (malloc) failed to allocate 32744 bytes for ChunkPool::allocate
# Possible reasons:
#   The system is out of physical RAM or swap space
#   In 32 bit mode, the process size limit was hit
# Possible solutions:
#   Reduce memory load on the system
#   Increase physical memory or swap space
#   Check if swap backing store is full
#   Use 64 bit Java on a 64 bit OS
#   Decrease Java heap size (-Xmx/-Xms)
#   Decrease number of Java threads
#   Decrease Java thread stack sizes (-Xss)
#   Set larger code cache with -XX:ReservedCodeCacheSize=
# This output file may be truncated or incomplete.
#
#  Out of Memory Error (allocation.cpp:273), pid=12996, tid=0x0000000000002348
#
# JRE version: OpenJDK Runtime Environment (8.0_152-b06) (build 1.8.0_152-release-1136-b06)
# Java VM: OpenJDK 64-Bit Server VM (25.152-b06 mixed mode windows-amd64 compressed oops)
# Failed to write core dump. Minidumps are not enabled by default on client versions of Windows
#

---------------  T H R E A D  ---------------

Current thread (0x00000000181dc000):  JavaThread "C2 CompilerThread1" daemon [_thread_in_native, id=9032, stack(0x0000000019a20000,0x0000000019b20000)]

Stack: [0x0000000019a20000,0x0000000019b20000]
[error occurred during error reporting (printing stack bounds), id 0xc0000005]

Native frames: (J=compiled Java code, j=interpreted, Vv=VM code, C=native code)


Current CompileTask:
C2:8342044 21529   !   4       java.util.concurrent.ThreadPoolExecutor::getTask (179 bytes)


---------------  P R O C E S S  ---------------

Java Threads: ( => current thread )
  0x000000001f2d6800 JavaThread "Build operations Thread 4" [_thread_blocked, id=11208, stack(0x000000003b0a0000,0x000000003b1a0000)]
  0x000000001f2d8000 JavaThread "Build operations Thread 3" [_thread_blocked, id=6160, stack(0x000000003afa0000,0x000000003b0a0000)]
  0x000000001f2d9800 JavaThread "Build operations Thread 2" [_thread_blocked, id=2720, stack(0x000000003aea0000,0x000000003afa0000)]
  0x000000001f2d9000 JavaThread "Build operations" [_thread_blocked, id=7392, stack(0x000000003ada0000,0x000000003aea0000)]
  0x000000001f2d7800 JavaThread "Cache worker for Artifact transforms cache (C:\Users\micha_000\.gradle\caches\transforms-1)" [_thread_blocked, id=5260, stack(0x000000003aca0000,0x000000003ada0000)]
  0x000000001f2d5000 JavaThread "Cache worker for file hash cache (C:\Users\micha_000\AndroidStudioProjects\PokedexAPI\.gradle\4.6\fileHashes)" [_thread_blocked, id=3260, stack(0x000000003aba0000,0x000000003aca0000)]
  0x000000001f2cd800 JavaThread "Stdin handler" [_thread_blocked, id=11268, stack(0x000000003aaa0000,0x000000003aba0000)]
  0x000000001f2d4800 JavaThread "Asynchronous log dispatcher for DefaultDaemonConnection: socket connection from /127.0.0.1:51070 to /127.0.0.1:51593" [_thread_blocked, id=9404, stack(0x000000003a9a0000,0x000000003aaa0000)]
  0x000000001f2d0800 JavaThread "Cancel handler" [_thread_blocked, id=4840, stack(0x000000003a8a0000,0x000000003a9a0000)]
  0x000000001f2d3000 JavaThread "Handler for socket connection from /127.0.0.1:51070 to /127.0.0.1:51593" [_thread_in_native, id=2732, stack(0x000000003a7a0000,0x000000003a8a0000)]
  0x00000000212a1000 JavaThread "Daemon worker Thread 11" [_thread_in_native, id=12228, stack(0x00000000356a0000,0x00000000357a0000)]
  0x000000002129f800 JavaThread "Daemon Thread 11" [_thread_blocked, id=12956, stack(0x00000000353a0000,0x00000000354a0000)]
  0x00000000212a2800 JavaThread "pool-1-thread-1" [_thread_blocked, id=5616, stack(0x0000000024da0000,0x0000000024ea0000)]
  0x000000002129c800 JavaThread "Memory manager" [_thread_blocked, id=6512, stack(0x0000000023be0000,0x0000000023ce0000)]
  0x0000000019d62000 JavaThread "File lock request listener" [_thread_in_native, id=8824, stack(0x000000001dfd0000,0x000000001e0d0000)]
  0x000000001b420800 JavaThread "Cache worker for file hash cache (C:\Users\micha_000\.gradle\caches\4.6\fileHashes)" [_thread_blocked, id=6800, stack(0x000000001ded0000,0x000000001dfd0000)]
  0x000000001a578000 JavaThread "Daemon periodic checks" [_thread_blocked, id=6140, stack(0x000000001c400000,0x000000001c500000)]
  0x000000001b0eb000 JavaThread "Incoming local TCP Connector on port 51070" [_thread_in_native, id=1368, stack(0x000000001bf30000,0x000000001c030000)]
  0x0000000019c40800 JavaThread "Service Thread" daemon [_thread_blocked, id=8944, stack(0x000000001a020000,0x000000001a120000)]
  0x00000000181df800 JavaThread "C1 CompilerThread2" daemon [_thread_blocked, id=11096, stack(0x0000000019b20000,0x0000000019c20000)]
=>0x00000000181dc000 JavaThread "C2 CompilerThread1" daemon [_thread_in_native, id=9032, stack(0x0000000019a20000,0x0000000019b20000)]
  0x00000000181e8800 JavaThread "C2 CompilerThread0" daemon [_thread_in_native, id=10584, stack(0x0000000019920000,0x0000000019a20000)]
  0x00000000181e7000 JavaThread "Attach Listener" daemon [_thread_blocked, id=10632, stack(0x0000000019820000,0x0000000019920000)]
  0x00000000181e5800 JavaThread "Signal Dispatcher" daemon [_thread_blocked, id=13240, stack(0x0000000019720000,0x0000000019820000)]
  0x00000000181c8800 JavaThread "Finalizer" daemon [_thread_blocked, id=11796, stack(0x0000000019430000,0x0000000019530000)]
  0x0000000004861800 JavaThread "Reference Handler" daemon [_thread_blocked, id=10772, stack(0x0000000019330000,0x0000000019430000)]
  0x000000000476e000 JavaThread "main" [_thread_blocked, id=11752, stack(0x0000000004590000,0x0000000004690000)]

Other Threads:
  0x00000000181a6800 VMThread [stack: 0x0000000019230000,0x0000000019330000] [id=11760]
  0x000000001823c000 WatcherThread [stack: 0x000000001a120000,0x000000001a220000] [id=6260]

VM state:not at safepoint (normal execution)

VM Mutex/Monitor currently owned by a thread: None

Heap:
 PSYoungGen      total 274432K, used 57257K [0x00000000e0000000, 0x00000000f4180000, 0x0000000100000000)
  eden space 220672K, 13% used [0x00000000e0000000,0x00000000e1e09248,0x00000000ed780000)
  from space 53760K, 49% used [0x00000000f0d00000,0x00000000f26e11c8,0x00000000f4180000)
  to   space 54272K, 0% used [0x00000000ed780000,0x00000000ed780000,0x00000000f0c80000)
 ParOldGen       total 141824K, used 93171K [0x00000000a0000000, 0x00000000a8a80000, 0x00000000e0000000)
  object space 141824K, 65% used [0x00000000a0000000,0x00000000a5afce68,0x00000000a8a80000)
 Metaspace       used 89898K, capacity 95796K, committed 96000K, reserved 1132544K
  class space    used 11411K, capacity 12520K, committed 12544K, reserved 1048576K

Card table byte_map: [0x0000000013c30000,0x0000000013f40000] byte_map_base: 0x0000000013730000

Marking Bits: (ParMarkBitMap*) 0x00000000639b5aa0
 Begin Bits: [0x0000000014540000, 0x0000000015d40000)
 End Bits:   [0x0000000015d40000, 0x0000000017540000)

Polling page: 0x0000000002cc0000

CodeCache: size=245760Kb used=57672Kb max_used=58604Kb free=188087Kb
 bounds [0x0000000004870000, 0x0000000008200000, 0x0000000013870000]
 total_blobs=18064 nmethods=17209 adapters=765
 compilation: enabled

Compilation events (10 events):
Event: 8337.552 Thread 0x00000000181df800 21551       3       com.android.build.gradle.internal.tasks.IncrementalTask::setIncrementalFolder (6 bytes)
Event: 8337.553 Thread 0x00000000181df800 nmethod 21551 0x0000000007ca3c90 code [0x0000000007ca3de0, 0x0000000007ca3f50]
Event: 8337.557 Thread 0x00000000181df800 21552       3       java.util.Collections$SingletonMap::entrySet (34 bytes)
Event: 8337.559 Thread 0x00000000181df800 nmethod 21552 0x00000000056e3850 code [0x00000000056e39e0, 0x00000000056e3f10]
Event: 8337.559 Thread 0x00000000181df800 21553       1       com.android.builder.sdk.TargetInfo::getTarget (5 bytes)
Event: 8337.559 Thread 0x00000000181df800 nmethod 21553 0x0000000007ca4510 code [0x0000000007ca4660, 0x0000000007ca4770]
Event: 8337.570 Thread 0x00000000181df800 21554       1       com.android.repository.impl.meta.LocalPackageImpl::getLocation (5 bytes)
Event: 8337.570 Thread 0x00000000181df800 nmethod 21554 0x0000000007d1f0d0 code [0x0000000007d1f220, 0x0000000007d1f330]
Event: 8337.596 Thread 0x00000000181df800 21555       3       org.objectweb.asm.ClassWriter::visit (121 bytes)
Event: 8337.599 Thread 0x00000000181df800 nmethod 21555 0x0000000007805590 code [0x0000000007805760, 0x0000000007805e58]

GC Heap History (10 events):
Event: 8277.877 GC heap before
{Heap before GC invocations=33 (full 3):
 PSYoungGen      total 165888K, used 165871K [0x00000000e0000000, 0x00000000ee980000, 0x0000000100000000)
  eden space 136704K, 100% used [0x00000000e0000000,0x00000000e8580000,0x00000000e8580000)
  from space 29184K, 99% used [0x00000000e8580000,0x00000000ea1fbfa0,0x00000000ea200000)
  to   space 37888K, 0% used [0x00000000ec480000,0x00000000ec480000,0x00000000ee980000)
 ParOldGen       total 141824K, used 83296K [0x00000000a0000000, 0x00000000a8a80000, 0x00000000e0000000)
  object space 141824K, 58% used [0x00000000a0000000,0x00000000a51580f0,0x00000000a8a80000)
 Metaspace       used 87109K, capacity 92682K, committed 92800K, reserved 1130496K
  class space    used 11036K, capacity 12087K, committed 12160K, reserved 1048576K
Event: 8278.121 GC heap after
Heap after GC invocations=33 (full 3):
 PSYoungGen      total 193536K, used 37865K [0x00000000e0000000, 0x00000000ef980000, 0x0000000100000000)
  eden space 155648K, 0% used [0x00000000e0000000,0x00000000e0000000,0x00000000e9800000)
  from space 37888K, 99% used [0x00000000ec480000,0x00000000ee97a6a0,0x00000000ee980000)
  to   space 45568K, 0% used [0x00000000e9800000,0x00000000e9800000,0x00000000ec480000)
 ParOldGen       total 141824K, used 87220K [0x00000000a0000000, 0x00000000a8a80000, 0x00000000e0000000)
  object space 141824K, 61% used [0x00000000a0000000,0x00000000a552d240,0x00000000a8a80000)
 Metaspace       used 87109K, capacity 92682K, committed 92800K, reserved 1130496K
  class space    used 11036K, capacity 12087K, committed 12160K, reserved 1048576K
}
Event: 8284.785 GC heap before
{Heap before GC invocations=34 (full 3):
 PSYoungGen      total 193536K, used 193513K [0x00000000e0000000, 0x00000000ef980000, 0x0000000100000000)
  eden space 155648K, 100% used [0x00000000e0000000,0x00000000e9800000,0x00000000e9800000)
  from space 37888K, 99% used [0x00000000ec480000,0x00000000ee97a6a0,0x00000000ee980000)
  to   space 45568K, 0% used [0x00000000e9800000,0x00000000e9800000,0x00000000ec480000)
 ParOldGen       total 141824K, used 87220K [0x00000000a0000000, 0x00000000a8a80000, 0x00000000e0000000)
  object space 141824K, 61% used [0x00000000a0000000,0x00000000a552d240,0x00000000a8a80000)
 Metaspace       used 88055K, capacity 93796K, committed 93952K, reserved 1130496K
  class space    used 11166K, capacity 12236K, committed 12288K, reserved 1048576K
Event: 8284.942 GC heap after
Heap after GC invocations=34 (full 3):
 PSYoungGen      total 201216K, used 32837K [0x00000000e0000000, 0x00000000f1300000, 0x0000000100000000)
  eden space 155648K, 0% used [0x00000000e0000000,0x00000000e0000000,0x00000000e9800000)
  from space 45568K, 72% used [0x00000000e9800000,0x00000000eb811478,0x00000000ec480000)
  to   space 48128K, 0% used [0x00000000ee400000,0x00000000ee400000,0x00000000f1300000)
 ParOldGen       total 141824K, used 87332K [0x00000000a0000000, 0x00000000a8a80000, 0x00000000e0000000)
  object space 141824K, 61% used [0x00000000a0000000,0x00000000a5549240,0x00000000a8a80000)
 Metaspace       used 88055K, capacity 93796K, committed 93952K, reserved 1130496K
  class space    used 11166K, capacity 12236K, committed 12288K, reserved 1048576K
}
Event: 8289.213 GC heap before
{Heap before GC invocations=35 (full 3):
 PSYoungGen      total 201216K, used 187724K [0x00000000e0000000, 0x00000000f1300000, 0x0000000100000000)
  eden space 155648K, 99% used [0x00000000e0000000,0x00000000e9741b90,0x00000000e9800000)
  from space 45568K, 72% used [0x00000000e9800000,0x00000000eb811478,0x00000000ec480000)
  to   space 48128K, 0% used [0x00000000ee400000,0x00000000ee400000,0x00000000f1300000)
 ParOldGen       total 141824K, used 87332K [0x00000000a0000000, 0x00000000a8a80000, 0x00000000e0000000)
  object space 141824K, 61% used [0x00000000a0000000,0x00000000a5549240,0x00000000a8a80000)
 Metaspace       used 89494K, capacity 95384K, committed 95488K, reserved 1132544K
  class space    used 11357K, capacity 12462K, committed 12544K, reserved 1048576K
Event: 8289.374 GC heap after
Heap after GC invocations=35 (full 3):
 PSYoungGen      total 227328K, used 44413K [0x00000000e0000000, 0x00000000f1e80000, 0x0000000100000000)
  eden space 179200K, 0% used [0x00000000e0000000,0x00000000e0000000,0x00000000eaf00000)
  from space 48128K, 92% used [0x00000000ee400000,0x00000000f0f5f4e0,0x00000000f1300000)
  to   space 54272K, 0% used [0x00000000eaf00000,0x00000000eaf00000,0x00000000ee400000)
 ParOldGen       total 141824K, used 87460K [0x00000000a0000000, 0x00000000a8a80000, 0x00000000e0000000)
  object space 141824K, 61% used [0x00000000a0000000,0x00000000a5569290,0x00000000a8a80000)
 Metaspace       used 89494K, capacity 95384K, committed 95488K, reserved 1132544K
  class space    used 11357K, capacity 12462K, committed 12544K, reserved 1048576K
}
Event: 8289.445 GC heap before
{Heap before GC invocations=36 (full 3):
 PSYoungGen      total 227328K, used 223102K [0x00000000e0000000, 0x00000000f1e80000, 0x0000000100000000)
  eden space 179200K, 99% used [0x00000000e0000000,0x00000000eae804d0,0x00000000eaf00000)
  from space 48128K, 92% used [0x00000000ee400000,0x00000000f0f5f4e0,0x00000000f1300000)
  to   space 54272K, 0% used [0x00000000eaf00000,0x00000000eaf00000,0x00000000ee400000)
 ParOldGen       total 141824K, used 87460K [0x00000000a0000000, 0x00000000a8a80000, 0x00000000e0000000)
  object space 141824K, 61% used [0x00000000a0000000,0x00000000a5569290,0x00000000a8a80000)
 Metaspace       used 89499K, capacity 95384K, committed 95488K, reserved 1132544K
  class space    used 11357K, capacity 12462K, committed 12544K, reserved 1048576K
Event: 8289.570 GC heap after
Heap after GC invocations=36 (full 3):
 PSYoungGen      total 233472K, used 36406K [0x00000000e0000000, 0x00000000f4400000, 0x0000000100000000)
  eden space 179200K, 0% used [0x00000000e0000000,0x00000000e0000000,0x00000000eaf00000)
  from space 54272K, 67% used [0x00000000eaf00000,0x00000000ed28d9d8,0x00000000ee400000)
  to   space 56320K, 0% used [0x00000000f0d00000,0x00000000f0d00000,0x00000000f4400000)
 ParOldGen       total 141824K, used 90519K [0x00000000a0000000, 0x00000000a8a80000, 0x00000000e0000000)
  object space 141824K, 63% used [0x00000000a0000000,0x00000000a5865ef8,0x00000000a8a80000)
 Metaspace       used 89499K, capacity 95384K, committed 95488K, reserved 1132544K
  class space    used 11357K, capacity 12462K, committed 12544K, reserved 1048576K
}
Event: 8289.637 GC heap before
{Heap before GC invocations=37 (full 3):
 PSYoungGen      total 233472K, used 214974K [0x00000000e0000000, 0x00000000f4400000, 0x0000000100000000)
  eden space 179200K, 99% used [0x00000000e0000000,0x00000000eae61fe0,0x00000000eaf00000)
  from space 54272K, 67% used [0x00000000eaf00000,0x00000000ed28d9d8,0x00000000ee400000)
  to   space 56320K, 0% used [0x00000000f0d00000,0x00000000f0d00000,0x00000000f4400000)
 ParOldGen       total 141824K, used 90519K [0x00000000a0000000, 0x00000000a8a80000, 0x00000000e0000000)
  object space 141824K, 63% used [0x00000000a0000000,0x00000000a5865ef8,0x00000000a8a80000)
 Metaspace       used 89506K, capacity 95384K, committed 95488K, reserved 1132544K
  class space    used 11357K, capacity 12462K, committed 12544K, reserved 1048576K
Event: 8289.762 GC heap after
Heap after GC invocations=37 (full 3):
 PSYoungGen      total 274432K, used 26500K [0x00000000e0000000, 0x00000000f4180000, 0x0000000100000000)
  eden space 220672K, 0% used [0x00000000e0000000,0x00000000e0000000,0x00000000ed780000)
  from space 53760K, 49% used [0x00000000f0d00000,0x00000000f26e11c8,0x00000000f4180000)
  to   space 54272K, 0% used [0x00000000ed780000,0x00000000ed780000,0x00000000f0c80000)
 ParOldGen       total 141824K, used 93171K [0x00000000a0000000, 0x00000000a8a80000, 0x00000000e0000000)
  object space 141824K, 65% used [0x00000000a0000000,0x00000000a5afce68,0x00000000a8a80000)
 Metaspace       used 89506K, capacity 95384K, committed 95488K, reserved 1132544K
  class space    used 11357K, capacity 12462K, committed 12544K, reserved 1048576K
}

Deoptimization events (10 events):
Event: 8332.228 Thread 0x00000000212a1000 Uncommon trap: reason=unstable_if action=reinterpret pc=0x0000000005fb73c4 method=sun.nio.ch.IOUtil.writeFromNativeBuffer(Ljava/io/FileDescriptor;Ljava/nio/ByteBuffer;JLsun/nio/ch/NativeDispatcher;)I @ 66
Event: 8332.441 Thread 0x00000000212a1000 Uncommon trap: reason=unstable_if action=reinterpret pc=0x0000000004d5e02c method=java.io.FileInputStream.close()V @ 36
Event: 8332.684 Thread 0x00000000212a1000 Uncommon trap: reason=predicate action=maybe_recompile pc=0x0000000006915be0 method=com.google.common.collect.ImmutableSet.construct(I[Ljava/lang/Object;)Lcom/google/common/collect/ImmutableSet; @ 71
Event: 8333.478 Thread 0x00000000212a1000 Uncommon trap: reason=predicate action=maybe_recompile pc=0x0000000005e607cc method=java.util.ComparableTimSort.reverseRange([Ljava/lang/Object;II)V @ 8
Event: 8336.296 Thread 0x000000001f2d9000 Uncommon trap: reason=unstable_if action=reinterpret pc=0x000000000535db1c method=java.util.concurrent.ConcurrentHashMap.get(Ljava/lang/Object;)Ljava/lang/Object; @ 86
Event: 8336.479 Thread 0x00000000212a1000 Uncommon trap: reason=class_check action=maybe_recompile pc=0x0000000007becd8c method=com.google.common.collect.ImmutableList$1.get(I)Ljava/lang/Object; @ 5
Event: 8336.485 Thread 0x00000000212a1000 Uncommon trap: reason=class_check action=maybe_recompile pc=0x0000000007becd8c method=com.google.common.collect.ImmutableList$1.get(I)Ljava/lang/Object; @ 5
Event: 8336.485 Thread 0x00000000212a1000 Uncommon trap: reason=class_check action=maybe_recompile pc=0x0000000007becd8c method=com.google.common.collect.ImmutableList$1.get(I)Ljava/lang/Object; @ 5
Event: 8336.485 Thread 0x00000000212a1000 Uncommon trap: reason=class_check action=maybe_recompile pc=0x0000000007becd8c method=com.google.common.collect.ImmutableList$1.get(I)Ljava/lang/Object; @ 5
Event: 8336.540 Thread 0x00000000212a1000 Uncommon trap: reason=unstable_if action=reinterpret pc=0x000000000810afd0 method=java.util.stream.MatchOps$BooleanTerminalSink.<init>(Ljava/util/stream/MatchOps$MatchKind;)V @ 9

Classes redefined (0 events):
No events

Internal exceptions (10 events):
Event: 8285.639 Thread 0x000000001f033800 Implicit null exception at 0x00000000077aebb0 to 0x00000000077aebc0
Event: 8288.200 Thread 0x000000001f033800 Exception <a 'java/lang/NoSuchMethodError': java.lang.Object.lambda$comparing$ea9a8b3a$1(Ljava/util/Comparator;Ljava/util/function/Function;Ljava/lang/Object;Ljava/lang/Object;)I> (0x00000000e34a58e8) thrown at [D:\src\AOSP-openjdk-cygwin\jdk8u\hotspot\sr
Event: 8288.301 Thread 0x000000001f033800 Exception <a 'java/lang/NoSuchMethodError': java.lang.Object.lambda$or$2(Ljava/util/function/Predicate;Ljava/lang/Object;)Z> (0x00000000e43cdad8) thrown at [D:\src\AOSP-openjdk-cygwin\jdk8u\hotspot\src\share\vm\interpreter\linkResolver.cpp, line 584]
Event: 8332.716 Thread 0x00000000212a1000 Exception <a 'java/lang/NoSuchMethodError': <clinit>> (0x00000000e10d2050) thrown at [D:\src\AOSP-openjdk-cygwin\jdk8u\hotspot\src\share\vm\prims\jni.cpp, line 1613]
Event: 8333.478 Thread 0x00000000212a1000 Exception <a 'java/lang/NoSuchMethodError': <clinit>> (0x00000000e1121ae0) thrown at [D:\src\AOSP-openjdk-cygwin\jdk8u\hotspot\src\share\vm\prims\jni.cpp, line 1613]
Event: 8333.967 Thread 0x00000000212a1000 Exception <a 'java/lang/NoSuchMethodError': <clinit>> (0x00000000e1212110) thrown at [D:\src\AOSP-openjdk-cygwin\jdk8u\hotspot\src\share\vm\prims\jni.cpp, line 1613]
Event: 8333.967 Thread 0x00000000212a1000 Exception <a 'java/lang/NoSuchMethodError': <clinit>> (0x00000000e1215eb0) thrown at [D:\src\AOSP-openjdk-cygwin\jdk8u\hotspot\src\share\vm\prims\jni.cpp, line 1613]
Event: 8333.967 Thread 0x00000000212a1000 Exception <a 'java/lang/NoSuchMethodError': <clinit>> (0x00000000e12179b8) thrown at [D:\src\AOSP-openjdk-cygwin\jdk8u\hotspot\src\share\vm\prims\jni.cpp, line 1613]
Event: 8333.967 Thread 0x00000000212a1000 Exception <a 'java/lang/NoSuchMethodError': <clinit>> (0x00000000e1219188) thrown at [D:\src\AOSP-openjdk-cygwin\jdk8u\hotspot\src\share\vm\prims\jni.cpp, line 1613]
Event: 8336.491 Thread 0x00000000212a1000 Exception <a 'sun/nio/fs/WindowsException'> (0x00000000e1a5ceb0) thrown at [D:\src\AOSP-openjdk-cygwin\jdk8u\hotspot\src\share\vm\prims\jni.cpp, line 709]

Events (10 events):
Event: 8337.580 loading class com/android/build/gradle/internal/transforms/InstantRunTransform
Event: 8337.580 loading class com/android/build/gradle/internal/transforms/InstantRunTransform done
Event: 8337.585 loading class com/android/build/gradle/internal/transforms/InstantRunDex
Event: 8337.585 loading class com/android/build/gradle/internal/transforms/InstantRunDex done
Event: 8337.590 loading class com/android/build/gradle/internal/incremental/BuildInfoLoaderTask$ConfigAction
Event: 8337.590 loading class com/android/build/gradle/internal/incremental/BuildInfoLoaderTask$ConfigAction done
Event: 8337.591 loading class com/android/build/gradle/internal/incremental/BuildInfoLoaderTask
Event: 8337.591 loading class com/android/build/gradle/internal/incremental/BuildInfoLoaderTask done
Event: 8337.604 loading class com/android/build/gradle/internal/incremental/InstantRunVerifier$ClassBytesProvider
Event: 8337.604 loading class com/android/build/gradle/internal/incremental/InstantRunVerifier$ClassBytesProvider done


Dynamic libraries:
0x00007ff745190000 - 0x00007ff7451c1000 	C:\Program Files\Android\Android Studio\jre\bin\java.exe
0x00007ffe76d30000 - 0x00007ffe76f10000 	C:\WINDOWS\SYSTEM32\ntdll.dll
0x00007ffe76760000 - 0x00007ffe7680e000 	C:\WINDOWS\System32\KERNEL32.DLL
0x00007ffe73ca0000 - 0x00007ffe73f06000 	C:\WINDOWS\System32\KERNELBASE.dll
0x00007ffe76bb0000 - 0x00007ffe76c51000 	C:\WINDOWS\System32\ADVAPI32.dll
0x00007ffe76080000 - 0x00007ffe7611d000 	C:\WINDOWS\System32\msvcrt.dll
0x00007ffe76700000 - 0x00007ffe7675b000 	C:\WINDOWS\System32\sechost.dll
0x00007ffe76820000 - 0x00007ffe7693f000 	C:\WINDOWS\System32\RPCRT4.dll
0x00007ffe763c0000 - 0x00007ffe7654f000 	C:\WINDOWS\System32\USER32.dll
0x00007ffe73be0000 - 0x00007ffe73c00000 	C:\WINDOWS\System32\win32u.dll
0x00007ffe76b80000 - 0x00007ffe76ba8000 	C:\WINDOWS\System32\GDI32.dll
0x00007ffe73f60000 - 0x00007ffe740f3000 	C:\WINDOWS\System32\gdi32full.dll
0x00007ffe73c00000 - 0x00007ffe73c9b000 	C:\WINDOWS\System32\msvcp_win.dll
0x00007ffe74100000 - 0x00007ffe741f5000 	C:\WINDOWS\System32\ucrtbase.dll
0x00007ffe672d0000 - 0x00007ffe67539000 	C:\WINDOWS\WinSxS\amd64_microsoft.windows.common-controls_6595b64144ccf1df_6.0.16299.611_none_15c7d8029365981f\COMCTL32.dll
0x00007ffe74760000 - 0x00007ffe74a67000 	C:\WINDOWS\System32\combase.dll
0x00007ffe73130000 - 0x00007ffe731a2000 	C:\WINDOWS\System32\bcryptPrimitives.dll
0x00007ffe76b50000 - 0x00007ffe76b7d000 	C:\WINDOWS\System32\IMM32.DLL
0x0000000062df0000 - 0x0000000062ec2000 	C:\Program Files\Android\Android Studio\jre\jre\bin\msvcr100.dll
0x00000000631f0000 - 0x0000000063a31000 	C:\Program Files\Android\Android Studio\jre\jre\bin\server\jvm.dll
0x00007ffe76810000 - 0x00007ffe76818000 	C:\WINDOWS\System32\PSAPI.DLL
0x00007ffe70f30000 - 0x00007ffe70f53000 	C:\WINDOWS\SYSTEM32\WINMM.dll
0x00007ffe65060000 - 0x00007ffe65069000 	C:\WINDOWS\SYSTEM32\WSOCK32.dll
0x00007ffe76ae0000 - 0x00007ffe76b4c000 	C:\WINDOWS\System32\WS2_32.dll
0x00007ffe6a100000 - 0x00007ffe6a10a000 	C:\WINDOWS\SYSTEM32\VERSION.dll
0x00007ffe70db0000 - 0x00007ffe70dda000 	C:\WINDOWS\SYSTEM32\WINMMBASE.dll
0x00007ffe73f10000 - 0x00007ffe73f5a000 	C:\WINDOWS\System32\cfgmgr32.dll
0x00007ffe6fab0000 - 0x00007ffe6fabf000 	C:\Program Files\Android\Android Studio\jre\jre\bin\verify.dll
0x00007ffe5f8d0000 - 0x00007ffe5f8f9000 	C:\Program Files\Android\Android Studio\jre\jre\bin\java.dll
0x00007ffe6f060000 - 0x00007ffe6f076000 	C:\Program Files\Android\Android Studio\jre\jre\bin\zip.dll
0x00007ffe74c40000 - 0x00007ffe76078000 	C:\WINDOWS\System32\SHELL32.dll
0x00007ffe76120000 - 0x00007ffe761c6000 	C:\WINDOWS\System32\shcore.dll
0x00007ffe731b0000 - 0x00007ffe738f7000 	C:\WINDOWS\System32\windows.storage.dll
0x00007ffe76550000 - 0x00007ffe765a1000 	C:\WINDOWS\System32\shlwapi.dll
0x00007ffe73080000 - 0x00007ffe73091000 	C:\WINDOWS\System32\kernel.appcore.dll
0x00007ffe730e0000 - 0x00007ffe7312c000 	C:\WINDOWS\System32\powrprof.dll
0x00007ffe730c0000 - 0x00007ffe730db000 	C:\WINDOWS\System32\profapi.dll
0x00007ffe63360000 - 0x00007ffe6337a000 	C:\Program Files\Android\Android Studio\jre\jre\bin\net.dll
0x00007ffe72910000 - 0x00007ffe72976000 	C:\WINDOWS\system32\mswsock.dll
0x00007ffe5f6b0000 - 0x00007ffe5f6c1000 	C:\Program Files\Android\Android Studio\jre\jre\bin\nio.dll
0x00007ffe5f5d0000 - 0x00007ffe5f5ee000 	C:\Users\micha_000\.gradle\native\25\windows-amd64\native-platform.dll
0x00007ffe6faa0000 - 0x00007ffe6faad000 	C:\Program Files\Android\Android Studio\jre\jre\bin\management.dll
0x00007ffe72ae0000 - 0x00007ffe72af7000 	C:\WINDOWS\SYSTEM32\CRYPTSP.dll
0x00007ffe72510000 - 0x00007ffe72543000 	C:\WINDOWS\system32\rsaenh.dll
0x00007ffe72be0000 - 0x00007ffe72c05000 	C:\WINDOWS\SYSTEM32\bcrypt.dll
0x00007ffe72fb0000 - 0x00007ffe72fd9000 	C:\WINDOWS\SYSTEM32\USERENV.dll
0x00007ffe72ad0000 - 0x00007ffe72adb000 	C:\WINDOWS\SYSTEM32\CRYPTBASE.dll
0x00007ffe726a0000 - 0x00007ffe726d9000 	C:\WINDOWS\SYSTEM32\IPHLPAPI.DLL
0x00007ffe763b0000 - 0x00007ffe763b8000 	C:\WINDOWS\System32\NSI.dll
0x00007ffe6dde0000 - 0x00007ffe6ddf6000 	C:\WINDOWS\SYSTEM32\dhcpcsvc6.DLL
0x00007ffe6e230000 - 0x00007ffe6e24a000 	C:\WINDOWS\SYSTEM32\dhcpcsvc.DLL

VM Arguments:
jvm_args: -Xmx1536m -Dfile.encoding=windows-1252 -Duser.country=US -Duser.language=en -Duser.variant 
java_command: org.gradle.launcher.daemon.bootstrap.GradleDaemon 4.6
java_class_path (initial): C:\Users\micha_000\.gradle\wrapper\dists\gradle-4.6-all\bcst21l2brirad8k2ben1letg\gradle-4.6\lib\gradle-launcher-4.6.jar
Launcher Type: SUN_STANDARD

Environment Variables:
PATH=C:\ProgramData\Oracle\Java\javapath;C:\Program Files (x86)\Intel\iCLS Client\;C:\Program Files\Intel\iCLS Client\;C:\Windows\system32;C:\Windows;C:\Windows\System32\Wbem;C:\Windows\System32\WindowsPowerShell\v1.0\;C:\Program Files (x86)\Acer\abFiles\;C:\Program Files\Intel\Intel(R) Management Engine Components\DAL;C:\Program Files (x86)\Intel\Intel(R) Management Engine Components\DAL;C:\Program Files\Intel\Intel(R) Management Engine Components\IPT;C:\Program Files (x86)\Intel\Intel(R) Management Engine Components\IPT;C:\WINDOWS\system32;C:\WINDOWS;C:\WINDOWS\System32\Wbem;C:\WINDOWS\System32\WindowsPowerShell\v1.0\;C:\Program Files (x86)\PuTTY\;C:\Program Files\Git\cmd;C:\Users\micha_000\AppData\Local\Microsoft\WindowsApps;
USERNAME=micha_000
OS=Windows_NT
PROCESSOR_IDENTIFIER=Intel64 Family 6 Model 61 Stepping 4, GenuineIntel



---------------  S Y S T E M  ---------------

OS: Windows 10.0 , 64 bit Build 16299 (10.0.16299.431)

CPU:total 4 (initial active 4) (2 cores per cpu, 2 threads per core) family 6 model 61 stepping 4, cmov, cx8, fxsr, mmx, sse, sse2, sse3, ssse3, sse4.1, sse4.2, popcnt, avx, avx2, aes, clmul, erms, 3dnowpref, lzcnt, ht, tsc, tscinvbit, bmi1, bmi2, adx

Memory: 4k page, physical 8301900k(2231948k free), swap 10595156k(969560k free)

vm_info: OpenJDK 64-Bit Server VM (25.152-b06) for windows-amd64 JRE (1.8.0_152-release-1136-b06), built by "builder" with MS VC++ 10.0 (VS2010)

time: Wed Oct 24 10:54:11 2018
elapsed time: 8340 seconds (0d 2h 19m 0s)

